[   .000000] nialzinggrp susycpset
[   00000]Iniaizincgoup subsys cpu
[    0.000000] Initializing cgroup subsys cpuacct
[    0.000000] Linux version 4.4.0-137-generic (buildd@lgw01-amd64-037) (gcc version 5.4.0 20160609 (Ubuntu 5.4.0-6ubuntu1~16.04.10) ) #163-Ubuntu SMP Mon Sep 24 13:14:43 UTC 2018 (Ubuntu 4.4.0-137.163-generic 4.4.144)
[    0.000000] Command line: BOOT_IMAGE=/boot/vmlinuz-4.4.0-137-generic root=LABEL=cloudimg-rootfs ro console=tty1 console=ttyS0
[    0.000000] KERNEL suorte cpus:
[  0.000]  InelenineIel
[  0.0000  D AuencAMD[   00000   Ctar CetauHau
[  0.000000] x86/fpu: xstate_offset[2]:  576, xstate_sizes[2]:  256
[    0.000000] x86/fpu: Supporting XSAVE feature 0x01: 'x87 floating point registers'
[    0.000000] x86/fpu: Supporting XSAVE feature 0x02 'SE risers'[   0.000] x86/f: pporngSAVEfeur 0x04: 'AVX registers'
[    0.000000] x86/fpu: Enabled xstate features 0x7, context size is 832 bytes, using 'standard' format.
[    0.000000] e820: BIOS-provided physical RAM map:
[    0.000000] BIOS-e820: [mem 0x0000000000000000-0x000000000009fbff] usable
[    0.000000] BIOS-e820: [mem 0x000000000009fc00-0x000000000009ffff] reserved
[    0.000000] BIOS-e820: [mem 0x00000000000f0000-0x00000000000fffff] reserved
[    0.000000] BIOS-e820: [mem 0x0000000000100000-0x000000007ffeffff] usable
[    0.000000] BIOS-e820: [mem 0x000000007fff0000-0x000000007fffffff] ACPI data
[    0.000000] BIOS-e820: [mem 0x00000000fec00000-0x00000000fec00fff] reserved
[    0.000000] BIOS-e820: [mem 0x00000000fee00000-0x00000000fee00fff] reserved
[    0.000000] BIOS-e820: [mem 0x00000000fffc0000-0x00000000ffffffff] reserved
[    0.000000]X xecu Dsale) otctio atie
[  000000]MBOS 2 present.
[    0.000000] Hypervisor detected: KVM
[    0.000000] e820: last_pfn = 0x7fff0 max_arch_pfn = 0x400000000
[    0.000000] MTRR: Disabled
[    0.000000] x86/PAT: MTRRs disabled, skipping PAT initialization too.
[    0.000000] CPU MTRRs all blank - virtualized system.
[    0.000000] x86/PAT: Configuration [0-7]: WB  WT  UC- UC  WB  WT  UC- UC  
[    0.000000] found SMP MP-table at [mem 0x0009fff0-0x0009ffff] mapped at [ffff88000009fff0]
[    0.000000] Scanning 1 areas for low memory corruption
[    0.000000] RAMDISK: [mem 0x3630a000-0x3717cfff]
[    0.000000] ACPI: Early table checksum verification disabled
[    0.000000] ACPI: RSDP 0x00000000000E0000 000024 (v02 VBOX  )
[    0.000000] ACPI: XSDT 0x000000007FFF0030 00003C (v01 BOX   BOSD 00000ASL  0001)
  0.0000 API FACP 0x00000007F00F0 0000F4(v04 VBOX   VBOXFACP 00000001 ASL  00000061)
[    0.000000] ACPPI: DSDT 0x000000007FFF0470 0021FF (v02 VBOX   VBOXBIOS 00000002 INTL 20100528)
[    0.000000] ACPI: FACS 0x000000007FFF0200 000040
[    0.000000] ACPI: FACS 0x000000007FFF0200 000040
[    0.000000] ACPI: APIC 0x000000007FFF0240 00005C (v02 VBOX   VBOXAPIC 00000001 ASL  00000061)
[    0.000000] ACPI: SSDT 0x000000007FFF02A0 0001CC (v01 VBOX   VBOXCPUT 00000002 INTL 20100528)
[    0.000000] No NUMA configuration found
[    0.000000] Faking a node at [mem 0x0000000000000000-0x000000007ffeffff]
[    0.000000] NODE_DATA(0) allocated [mem 0x7ffeb000-0x7ffeffff]
[    0.000000] kvm-clock: Using msrs 4b564d01 and 4b564d00
[  00000 k-clo: pu 0ms0:7ffe300 pimry cpu cck
[    0.000000] kvm-clock: using sched offset of 3493636812 cycles
[    0.000000] clocksource: kvm-clock: mask: 0xffffffffffffffff max_cycles: 0x1cd42e4dffb, max_idle_ns: 881590591483 ns
[    0.000000] Zone ranges:
[    0.000000]   DMA      [mem 0x0000000000001000-0x0000000000ffffff]
[    0.000000]   DMA32    [mem 0x0000000001000000-0x000000007ffeffff]
[    0.000000]   Normal   empty
[    0.000000]   Device   empty
[    0.000000] Movable zone start for each node
[    0.000000] Early memory node ranges
[    0.000000]   node   0: [mem 0x0000000000001000-0x000000000009efff]
[    0.000000]   node   0: [mem 0x0000000000100000-0x000000007ffeffff]
[    0.000000] Initmem setup node 0 [mem 0x0000000000001000-0x000000007ffeffff]
[    0.000000] ACPI: PM-Timer IO Port: 0x4008
[    0.000000] IOAPIC[0]: apic_id 2, version 32, address 0xfec00000, GSI 0-23
[    0.000000] ACPI: INT_SRC_OVR (bus 0 bus_irq 0 global_irq 2 dfl dfl)
[    0.000000] ACPI: INT_SRC_OVR (bus 0 bus_irq 9 global_irq 9 low level)
[    0.000000] Using ACPI (MADT) for SMP configuration information
[    0.000000] smpboot: Allowing 2 CPUs, 0 hotplug CPUs
[    0.000000] PM: Registered nosave memory: [mem 0x00000000-0x00000fff]
[    0.000000] PM: Registered nosave memory: [mem 0x0009f000-0x0009ffff]
[    0.000000] PM: Registered nosave memory: [mem 0x000a0000-0x000effff]
[    0.000000] PM: Registered nosave memory: [mem 0x000f0000-0x000fffff]
[    0.000000] e820: [mem 0x80000000-0xfebfffff] availae r PC dics
[   .00000Boing rartuazekern on M[  0.0000] clockur: renejiffie msk: 0fffffff max_cycles: 0xffffffff, maxidle_ns: 7641900211568 n
[    000000seup_pepu NR_PU512 nrpusk_bs:51 nrpuds:2 n_ne_ds:1[   0.0000] RCPU: Embeed4 pas/u @fff00fc000099608 r8192 d31464 u1048576
[    0.000000] PV qspinlock hash table entries: 256 (order: 0, 4096 bytes)
[    0.000000] Built 1 zoneists i Node order, mobility grouping on.  Total pages: 515960
[    0.000000] Policy zone: DMA32
[    0.000000] Kernel command line: BOOT_IMAGE=/boot/vmlinuz-4.4.0-137-generic root=LABEL=cloudimg-rootfs ro console=tty1 console=ttyS0
[    0.000000] PID hash table entries: 4096 (order: 3, 32768 bytes)
[    0.00000 Memory: 0200/209696K avalae (85Kkene code, 1314K rwdata, 4004K rodata, 1528K init, 1316K bss, 66796K seved,K a-resve
[   .000000]SLUB Halin=64, rdr=-3, injets=0, CPUs=2, od=1
[  000000]erel/Ur page tles isolaio eable
  0.0000 Hiearical RU plmentio
[    .000] 	iltime adjustment of leaf fanout to 64.
[    0.000000] 	RCU restricting CPUs from NR_CPUS=512 to nr_cpu_ids=2.
[    0.000000] RCU: Adjusting geometry for rcu_fanout_leaf=64, nr_cpu_ids=2
[    0.000000] NR_IRQS:33024 nr_irqs:440 16
[    0.000000] Console: colour VGA+ 80x25
[    0.000000] console [tty1] enabled
[    0.000000] console [ttyS0] enabled
[    0.000000] tsc: Detected 2711.994 MHz processor
[    5.351214] Calibrating delay loop (skipped) preset value.. 5423.98 BogoMIPS (lpj=10847976)
[    5.3687] pid_max: default: 32768 minimum: 301
[    5.401764] ACPI: Core revision 20150930
[    5.430529] ACPI: 2 ACPI AML tables successfully acquired and loaded
[    5.438348] Security Framework initialized
[    5.439240] Yama: becoming mindful.
[    5.446202] AppArmor: AppArmor initialized
[    5.448056] Dentry cache hash table entries: 262144 (order: 9, 2097152 bytes)
[    5.536386] Inode-cache hash table entries: 131072 (order: 8, 1048576 bytes)
[    5.629053] Mount-cache hash table entries: 4096 (order: 3, 32768 bytes)
[    5.745036] Mountpoint-cache hash table entries: 4096 (order: 3, 32768 bytes)
[    5.746248] Initializing cgroup subsys io
[    5.770747] Initializing cgroup subsys memory
[    5.844471] Initializing cgroup subsys devices
[    5.856685] Initializing cgroup subsys freezer
[    5.857701] Initializing cgroup subsys net_cls
[    5.859067] Initializing cgroup subsys perf_event
[    5.904438] Initializing cgroup subsys net_prio
[    5.975351] Initializing cgroup subsys hugetlb
[    5.976197] Initializing cgroup subsys pids
[    5.977969] mce: CPU supports 0 MCE banks
[    5.978711] Last level iTLB entries: 4KB 64, 2MB 8, 4MB 8
[    5.979579] Last level dTLB entries: 4KB 64, 2MB 0, 4MB 0, 1GB 4
[    5.980583] Spectre V2 : Mitigation: Full generic retpoline
[    5.981497] Spectre V2 : Spectre v2 mitigation: Speculation control IBPB not-supported IBRS not-supported
[    5.982873] Spectre V2 : Spectre v2 / SpectreRSB mitigation: Filling RSB on context switch
[    5.984644] Speculative Store Bypass: Vulnerable
[    5.989289] Freeing SMP alternatives memory: 32K
[    6.059846] ftrace: allocating 32265 entries in 127 pages
[    6.223012] smpboot: APIC(0) Converting physical 0 to logical package 0
[    6.294883] smpboot: Max logical packages: 1
[    6.364126] x2apic enabled
[    6.414684] Switched APIC routing to physical x2apic.
[    6.470687] ..TIMER: vector=0x30 apic1=0 pin1=2 apic2=-1 pin2=-1
[    6.579139] smpboot: CPU0: Intel(R) Core(TM) i7-6820HQ CPU @ 2.70GHz (family: 0x6, model: 0x5e, stepping: 0x3)
[    6.848998] Performance Events: unsupported p6 CPU model 94 no PMU driver, software events only.
[    7.016414] KVM setup paravirtual spinlock
[    7.018628] x86: Booting SMP configuration:
[    7.019350] .... node  #0, CPUs:      #1
[    7.020175] kvm-clock: cpu 1, msr 0:7ffe3041, secondary cpu clock
[    7.155106] mce: CPU supports 0 MCE banks
[    7.208037] x86: Booted up 1 node, 2 CPUs
[    7.299184] smpboot: Total of 2 processors activated (10847.97 BogoMIPS)
[    7.426544] devtmpfs: initialized
[    7.499527] evm: security.selinux
[    7.542600] evm: security.SMACK64
[    7.552070] evm: security.SMACK64EXEC
[    7.594964] evm: security.SMACK64TRANSMUTE
[    7.595816] evm: security.SMACK64MMAP
[    7.602096] evm: security.ima
[    7.602778] evm: security.capability
[    7.603788] clocksource: jiffies: mask: 0xffffffff max_cycles: 0xffffffff, max_idle_ns: 7645041785100000 ns
[    7.605502] futex hash table entries: 512 (order: 3, 32768 bytes)
[    7.606730] pinctrl core: initialized pinctrl subsystem
[    7.607773] RTC time: 15:11:50, date: 10/18/18
[    7.608721] NET: Registered protocol family 16
[    7.619641] cpuidle: using governor ladder
[    7.696725] cpuidle: using governor menu
[    7.776104] PCCT header not found.
[    7.858203] ACPI: bus type PCI registered
[    7.872225] acpiphp: ACPI Hot Plug PCI Controller Driver version: 0.5
[    7.884040] PCI: Using configuration type 1 for base access
[    7.897492] ACPI: Added _OSI(Module Device)
[    7.924496] ACPI: Added _OSI(Processor Device)
[    8.012310] ACPI: Added _OSI(3.0 _SCP Extensions)
[    8.039905] ACPI: Added _OSI(Processor Aggregator Device)
[    8.094940] ACPI: Executed 1 blocks of module-level executable AML code
[    8.205221] ACPI: Interpreter enabled
[    8.205884] ACPI: (supports S0 S5)
[    8.206511] ACPI: Using IOAPIC for interrupt routing
[    8.285963] PCI: Using host bridge windows from ACPI; if necessary, use "pci=nocrs" and report a bug
[    8.386926] ACPI: PCI Root Bridge [PCI0] (domain 0000 [bus 00-ff])
[    8.520902] acpi PNP0A03:00: _OSC: OS supports [ASPM ClockPM Segments MSI]
[    8.541875] acpi PNP0A03:00: _OSC: not requesting OS control; OS requires [ExtendedConfig ASPM ClockPM MSI]
[    8.543408] acpi PNP0A03:00: fail to add MMCONFIG information, can't access extended PCI configuration space under this bridge.
[    8.545550] PCI host bridge to bus 0000:00
[    8.546295] pci_bus 0000:00: root bus resource [io  0x0000-0x0cf7 window]
[    8.547359] pci_bus 0000:00: root bus resource [io  0x0d00-0xffff window]
[    8.548459] pci_bus 0000:00: root bus resource [mem 0x000a0000-0x000bffff window]
[    8.549759] pci_bus 0000:00: root bus resource [mem 0x80000000-0xfdffffff window]
[    8.551068] pci_bus 0000:00: root bus resource [bus 00-ff]
[    8.553418] pci 0000:00:01.1: legacy IDE quirk: reg 0x10: [io  0x01f0-0x01f7]
[    8.631408] pci 0000:00:01.1: legacy IDE quirk: reg 0x14: [io  0x03f6]
[    8.681173] pci 0000:00:01.1: legacy IDE quirk: reg 0x18: [io  0x0170-0x0177]
[    8.682428] pci 0000:00:01.1: legacy IDE quirk: reg 0x1c: [io  0x0376]
[    8.719667] pci 0000:00:07.0: quirk: [io  0x4000-0x403f] claimed by PIIX4 ACPI
[    8.853372] pci 0000:00:07.0: quirk: [io  0x4100-0x410f] claimed by PIIX4 SMB
[    8.900239] ACPI: PCI Interrupt Link [LNKA] (IRQs 5 9 10 *11)
[    8.914791] ACPI: PCI Interrupt Link [LNKB] (IRQs 5 9 *10 11)
[    8.932030] ACPI: PCI Interrupt Link [LNKC] (IRQs 5 *9 10 11)
[    8.941855] ACPI: PCI Interrupt Link [LNKD] (IRQs 5 9 10 *11)
[    8.943888] ACPI: Enabled 2 GPEs in block 00 to 07
[    8.980821] vgaarb: setting as boot device: PCI:0000:00:02.0
[    9.074426] vgaarb: device added: PCI:0000:00:02.0,decodes=io+mem,owns=io+mem,locks=none
[    9.075843] vgaarb: loaded
[    9.076383] vgaarb: bridge control possible 0000:00:02.0
[    9.077500] SCSI subsystem initialized
[    9.078424] ACPI: bus type USB registered
[    9.079214] usbcore: registered new interface driver usbfs
[    9.080190] usbcore: registered new interface driver hub
[    9.081080] usbcore: registered new device driver usb
[    9.082142] PCI: Using ACPI for IRQ routing
[    9.090044] NetLabel: Initializing
[    9.183513] NetLabel:  domain hash size = 128
[    9.231572] NetLabel:  protocols = UNLABELED CIPSOv4
[    9.277513] NetLabel:  unlabeled traffic allowed by default
[    9.340523] amd_nb: Cannot enumerate AMD northbridges
[    9.413676] clocksource: Switched to clocksource kvm-clock
[    9.5449 ApAor AAror ilysemnale
  9.25] p: P AI nit
[   10.293448] pnp: PnP ACPI: found 3 devices

[   10.300631] clocksource: acpi_pm: mask: 0xffffff max_cycles: 0xffffff, max_idle_ns: 2085701024 ns
[   10.451574] NET: Registered protocol family 2
[   10.460463] TCP established hash table entries: 16384 (order: 5, 131072 bytes)
[   10.697788] TCP bind hash table entries: 16384 (order: 6, 262144 bytes)
[   10.766286] TCP: Hash tables configured (established 16384 bind 16384)
[   10.767298] UDP hash table entries: 1024 (order: 3, 32768 bytes)
[   10.768239] UDP-Lite hash table entries: 1024 (order: 3, 32768 bytes)
[   10.776424] NET: Registered protocol family 1
[   10.777407] pci 0000:00:00.0: Limiting direct PCI/PCI transfers
[   10.792628] pci 0000:00:01.0: Activating ISA DMA hang workarounds
[   10.794257] Unpacking initramfs...
[   11.037865] Freeing initrd memory: 14796K
[   11.137518] platform rtc_cmos: registered platform RTC device (no PNP device found)
[   11.167704] Scanning for low memory corruption every 60 seconds
[   11.277868] audit: initializing netlink subsys (disabled)
[   11.291497] audit: type=2000 audit(1539875510.189:1): initialized
[   11.292687] Initialise system trusted keyring
[   11.294077] HugeTLB registered 2 MB page size, pre-allocated 0 pages
[   11.451376] zbud: loaded
[   11.452239] VFS: Disk quotas dquot_6.6.0
[   11.452962] VFS: Dquot-cache hash table entries: 512 (order 0, 4096 bytes)
[   11.454200] squashfs: version 4.0 (2009/01/31) Phillip Lougher
[   11.455385] fuse init (API version 7.23)
[   11.456174] Key type big_key registered
[   11.484308] Allocating IMA MOK and blacklist keyrings.
[   11.502574] Key type asymmetric registered
[   11.522205] Asymmetric key parser 'x509' registered
[   11.569337] Block layer SCSI generic (bsg) driver version 0.4 loaded (major 249)
[   11.709919] io scheduler noop registered
[   11.801474] io scheduler deadline registered (default)
[   11.808987] io scheduler cfq registered
[   11.810042] pci_hotplug: PCI Hot Plug PCI Core version: 0.5
[   11.888406] pciehp: PCI Express Hot Plug Controller Driver version: 0.4
[   11.897583] ACPI: AC Adapter [AC] (on-line)
[   11.900265] input: Power Button as /devices/LNXSYSTM:00/LNXPWRBN:00/input/input0
[   11.985223] ACPI: Power Button [PWRF]
[   12.044549] input: Sleep Button as /devices/LNXSYSTM:00/LNXSLPBN:00/input/input1
[   12.122078] ACPI: Sleep Button [SLPF]
[   12.124775] GHES: HEST is not enabled!
[   12.125451] ACPI: Battery Slot [BAT0] (battery present)
[   12.126552] Serial: 8250/16550 driver, 32 ports, IRQ sharing enabled
[   12.233925] tsc: Refined TSC clocksource calibration: 2710.904 MHz
[   12.283548] clocksource: tsc: mask: 0xffffffffffffffff max_cycles: 0x27137b472db, max_idle_ns: 440795331901 ns
[ 127066] 0:02: tty0  I 0f8ir=  be_baud 120 is 160A
[   13.263662] Linux agpgart interface v0.103
[   13.340578] loop: module loaded
[   13.356094] scsi host0: ata_piix
[   13.356891] scsi host1: ata_piix
[   13.357572] ata1: PATA max UDMA/33 cmd 0x1f0 ctl 0x3f6 bmdma 0xd000 irq 14
[   13.358730] ata2: PATA max UDMA/33 cmd 0x170 ctl 0x376 bmdma 0xd008 irq 15
[   13.562487] libphy: Fixed MDIO Bus: probed
[   13.665939] tun: Universal TUN/TAP device driver, 1.6
[   13.810962] tun: (C) 1999-2004 Max Krasnyansky <maxk@qualcomm.com>
[   13.861982] PPP generic driver version 2.4.2
[   13.871794] ehci_hcd: USB 2.0 'Enhanced' Host Controller (EHCI) Driver
[   13.872902] ehci-pci: EHCI PCI platform driver
[   13.873742] ehci-platform: EHCI generic platform driver
[   13.874649] ohci_hcd: USB 1.1 'Open' Host Controller (OHCI) Driver
[   13.875575] ohci-pci: OHCI PCI platform driver
[   13.876306] ohci-platform: OHCI generic platform driver
[   13.877188] uhci_hcd: USB Universal Host Controller Interface driver
[   13.878584] i8042: PNP: PS/2 Controller [PNP0303:PS2K,PNP0f03:PS2M] at 0x60,0x64 irq 1,12
[   13.880543] serio: i8042 KBD port at 0x60,0x64 irq 1
[   13.881351] serio: i8042 AUX port at 0x60,0x64 irq 12
[   13.882392] mousedev: PS/2 mouse device common for all mice
[   13.883801] rtc_cmos rtc_cmos: rtc core: registered rtc_cmos as rtc0
[   13.884901] input: AT Translated Set 2 keyboard as /devices/platform/i8042/serio0/input/input2
[   13.886684] rtc_cmos rtc_cmos: alarms up to one day, 114 bytes nvram
[   13.886704] i2c /dev entries driver
[   13.886761] device-mapper: uevent: version 1.0.3
[   13.888047] device-mapper: ioctl: 4.34.0-ioctl (2015-10-28) initialised: dm-devel@redhat.com
[   13.888078] ledtrig-cpu: registered to indicate activity on CPUs
[   13.888382] NET: Registered protocol family 10
[   13.888529] NET: Registered protocol family 17
[   13.888550] Key type dns_resolver registered
[   13.888806] registered taskstats version 1
[   13.888830] Loading compiled-in X.509 certificates
[   13.889351] Loaded X.509 cert 'Build time autogenerated kernel key: 20acc96b50ca7641011eace69d32209215a9b56f'
[   13.889364] zswap: loaded using pool lzo/zbud
[   13.890604] Key type trusted registered
[   13.892535] Key type encrypted registered
[   13.892539] AppArmor: AppArmor sha1 policy hashing enabled
[   13.892541] ima: No TPM chip found, activating TPM-bypass!
[   13.892544] ima: Allocated hash algorithm: sha1
[   13.892554] evm: HMAC attrs: 0x1
[   13.892777]   Magic number: 6:584:184
[   13.899050] rtc_cmos rtc_cmos: setting system clock to 2018-10-18 15:11:56 UTC (1539875516)
[   13.899147] BIOS EDD facility v0.16 2004-Jun-25, 0 devices found
[   13.899148] EDD information not available.
[   14.107960] Freeing unused kernel memory: 1528K
[   14.129693] Write protecting the kernel read-only data: 14336k
[   15.486735] Freeing unused kernel memory: 1672K
[   16.276116] Freeing unused kernel memory: 92K
Loading, please wait...
starting version[   16.288688] random: systemd-udevd: uninitialized urandom read (16 bytes read, 5 bits of entropy available)
 229
[   16.288990] random: udevadm: uninitialized urandom read (16 bytes read, 5 bits of entropy available)
[   16.289004] random: udevadm: uninitialized urandom read (16 bytes read, 5 bits of entropy available)
[   16.296091] random: udevadm: uninitialized urandom read (16 bytes read, 5 bits of entropy available)
[   16.296125] random: udevadm: uninitialized urandom read (16 bytes read, 5 bits of entropy available)
[   16.296226] random: udevadm: uninitialized urandom read (16 bytes read, 5 bits of entropy available)
[   16.296262] random: udevadm: uninitialized urandom read (16 bytes read, 5 bits of entropy available)
[   16.296299] random: udevadm: uninitialized urandom read (16 bytes read, 5 bits of entropy available)
[   16.296336] random: udevadm: uninitialized urandom read (16 bytes read, 5 bits of entropy available)
[   16.296370] random: udevadm: uninitialized urandom read (16 bytes read, 5 bits of entropy available)
[   17.376401] e1000: Intel(R) PRO/1000 Network Driver - version 7.3.21-k8-NAPI
[   17.562498] e1000: Copyright (c) 1999-2006 Intel Corporation.
[   17.712300] Fusion MPT base driver 3.04.20
[   17.803902] Copyright (c) 1999-2008 LSI Corporation
[   17.826635] Fusion MPT SPI Host driver 3.04.20
[   17.901531] AVX2 version of gcm_enc/dec engaged.
[   17.928281] AES CTR mode by8 optimization enabled
[   18.112437] input: ImExPS/2 Generic Explorer Mouse as /devices/platform/i8042/serio1/input/input4
[   18.268832] e1000 0000:00:03.0 eth0: (PCI:33MHz:32-bit) 02:e1:e1:d1:e4:77
[   18.956468] e1000 0000:00:03.0 eth0: Intel(R) PRO/1000 Network Connection
[   19.572779] e1000 0000:00:08.0 eth1: (PCI:33MHz:32-bit) 08:00:27:40:03:92
[   20.004997] e1000 0000:00:08.0 eth1: Intel(R) PRO/1000 Network Connection
[   20.059378] mptbase: ioc0: Initiating bringup
[   20.059609] e1000 0000:00:08.0 enp0s8: renamed from eth1
[   20.262789] e1000 0000:00:03.0 enp0s3: renamed from eth0
[   20.318820] ioc0: LSI53C1030 A0: Capabilities={Initiator}
[   20.521741] scsi host2: ioc0: LSI53C1030 A0, FwRev=00000000h, Ports=1, MaxQ=256, IRQ=20
[   20.683158] scsi 2:0:0:0: Direct-Access     VBOX     HARDDISK         1.0  PQ: 0 ANSI: 5
[   21.093354] scsi target2:0:0: Beginning Domain Validation
[   21.095485] scsi target2:0:0: Domain Validation skipping write tests
[   21.096449] scsi target2:0:0: Ending Domain Validation
[   21.097312] scsi target2:0:0: asynchronous
[   21.098645] scsi 2:0:1:0: Direct-Access     VBOX     HARDDISK         1.0  PQ: 0 ANSI: 5
[   21.109317] scsi target2:0:1: Beginning Domain Validation
[   21.941646] scsi target2:0:1: Domain Validation skipping write tests
[   22.077504] scsi target2:0:1: Ending Domain Validation
[   22.091740] scsi target2:0:1: asynchronous
[   22.099428] sd 2:0:0:0: Attached scsi generic sg0 type 0
[   22.138540] sd 2:0:0:0: [sda] 20971520 512-byte logical blocks: (10.7 GB/10.0 GiB)
[   22.163091] sd 2:0:0:0: [sda] Write Protect is off
[   22.254332] sd 2:0:1:0: Attached scsi generic sg1 type 0
[   22.340502] sd 2:0:1:0: [sdb] 20480 512-byte logical blocks: (10.5 MB/10.0 MiB)
[   22.340679] sd 2:0:0:0: [sda] Incomplete mode parameter data
[   22.340681] sd 2:0:0:0: [sda] Assuming drive cache: write through
[   22.458755]  sda: sda1
[   22.459657] sd 2:0:0:0: [sda] Attached SCSI disk
[   22.741554] sd 2:0:1:0: [sdb] Write Protect is off
[   22.786670] sd 2:0:1:0: [sdb] Incomplete mode parameter data
[   22.794541] sd 2:0:1:0: [sdb] Assuming drive cache: write through
[   22.853721] sd 2:0:1:0: [sdb] Attached SCSI disk
Begin: Loading e[   24.311944] md: linear personality registered for level -1
ssential drivers[   24.477236] md: multipath personality registered for level -4
 ... [   24.600363] md: raid0 personality registered for level 0
[   24.732074] md: raid1 personality registered for level 1
[   24.902277] raid6: sse2x1   gen() 10882 MB/s
[   25.041790] raid6: sse2x1   xor()  6552 MB/s
[   25.121911] raid6: sse2x2   gen() 12943 MB/s
[   25.293691] raid6: sse2x2   xor()  8832 MB/s
[   25.445965] raid6: sse2x4   gen() 14915 MB/s
[   25.578671] raid6: sse2x4   xor() 10100 MB/s
[   25.710380] raid6: avx2x1   gen() 21959 MB/s
[   25.853854] raid6: avx2x2   gen() 24491 MB/s
[   25.977830] raid6: avx2x4   gen() 26485 MB/s
[   26.049498] raid6: using algorithm avx2x4 gen() 26485 MB/s
[   26.059103] raid6: using avx2x2 recovery algorithm
[   26.061329] xor: automatically using best checksumming function:
[   26.101737]    avx       : 22360.000 MB/sec
[   26.111529] async_tx: api initialized (async)
[   26.130285] md: raid6 personality registered for level 6
[   26.247456] md: raid5 personality registered for level 5
[   26.265009] md: raid4 personality registered for level 4
[   26.271746] md: raid10 personality registered for level 10
done.
Begin: Running /scripts/init-premount ... done.
Begin: Mounting root file[   26.391257] Btrfs loaded
 system ... Begin: Running /scripts/local-top ... done.
Begin: Running /scripts/local-premount ... Scanning for Btrfs filesyste[   26.494475] EXT4-fs (sda1): mounted filesystem with ordered data mode. Opts: (null)
ms
done.
Warning: fsck not present, so skipping root file system
done.
Begin: Running /scripts/local-bottom ... done.
Begin: Running /scripts/init-bottom ... done.
[   26.750508] systemd[1]: systemd 229 running in system mode. (+PAM +AUDIT +SELINUX +IMA +APPARMOR +SMACK +SYSVINIT +UTMP +LIBCRYPTSETUP +GCRYPT +GNUTLS +ACL +XZ -LZ4 +SECCOMP +BLKID +ELFUTILS +KMOD -IDN)
[   26.915102] systemd[1]: Detected virtualization oracle.
[   26.915951] systemd[1]: Detected architecture x86-64.

Welcome to [1mUbuntu 16.04.5 LTS[0m!

[  29876 stem1]: Set hostme t <sie-ebian
[   27.747885] random: nonblocking pool is initialized
[   27.815771] systemd[1]: Listening on Syslog Socket.
[[0;32m  OK  [0m] Listening on Syslog Socket.
[   27.944712] systemd[1]: Reached target Encrypted Volumes.
[[0;32m  OK  [0m] Reached target Encrypted Volumes.
[   28.091286] systemd[1]: Set up automount Arbitrary Executable File Formats File System Automount Point.
[[0;32m  OK  [0m] Set up automount Arbitrary Executab...ats File System Automount Point.
[   28.243113] systemd[1]: Listening on Journal Audit Socket.
[[0;32m  OK  [0m] Listening on Journal Audit Socket.
[   28.280200] systemd[1]: Reached target System Time Synchronized.
[[0;32m  OK  [0m] Reached target System Time Synchronized.
[   28.350139] systemd[1]: Listening on Device-mapper event daemon FIFOs.
[[0;32m  OK  [0m] Listening on Device-mapper event daemon FIFOs.
[   28.450268] systemd[1]: Listening on LVM2 poll daemon socket.
[[0;32m  OK  [0m] Listening on LVM2 poll daemon socket.
[   28.554476] systemd[1]: Started Forward Password Requests to Wall Directory Watch.
[[0;32m  OK  [0m] Started Forward Password Requests to Wall Directory Watch.
[   28.658579] systemd[1]: Started Trigger resolvconf update for networkd DNS.
[[0;32m  OK  [0m] Started Trigger resolvconf update for networkd DNS.
[   28.882194] systemd[1]: Reached target Swap.
[[0;32m  OK  [0m] Reached target Swap.
[   28.967280] systemd[1]: Created slice System Slice.
[[0;32m  OK  [0m] Created slice System Slice.
[   28.984924] systemd[1]: Listening on udev Kernel Socket.
[[0;32m  OK  [0m] Listening on udev Kernel Socket.
[   28.994492] systemd[1]: Listening on Journal Socket.
[[0;32m  OK  [0m] Listening on Journal Socket.
[   29.066137] systemd[1]: Mounting Debug File System...
         Mounting Debug File System...
[   29.270835] systemd[1]: Mounting POSIX Message Queue File System...
         Mounting POSIX Message Queue File System...
[   29.351945] systemd[1]: Starting Set console keymap...
         Starting Set console keymap...
[   29.410664] systemd[1]: Starting Remount Root and Kernel File Systems...
[   29.414744] EXT4-fs (sda1): re-mounted. Opts: (null)
         Starting Remount Root and Kernel File Systems...
[   29.466215] systemd[1]: Starting Load Kernel Modules...
         Starting Load Kernel Modules...
[   29.474152] Loading iSCSI transport class v2.0-870.
[   30.502548] systemd[1]: Starting Uncomplicated firewall...
         Startin[   30.541340] iscsi: registered transport (tcp)
g Uncomplicated firewall...
[   30.551466] systemd[1]: Starting Create list of required static device nodes for the current kernel...
         Starting Create list of required st... nodes for the current kernel...[   30.568384] iscsi: registered transport (iser)

[   30.681796] systemd[1]: Starting Nameserver information manager...
         Starting Nameserver information manager...
[   30.904786] systemd[1]: Created slice User and Session Slice.
[[0;32m  OK  [0m] Created slice User and Session Slice.
[   30.974301] systemd[1]: Reached target Slices.
[[0;32m  OK  [0m] Reached target Slices.
[   31.091160] systemd[1]: Created slice system-serial\x2dgetty.slice.
[[0;32m  OK  [0m] Created slice system-serial\x2dgetty.slice.
[   31.276436] systemd[1]: Listening on LVM2 metadata daemon socket.
[[0;32m  OK  [0m] Listening on LVM2 metadata daemon socket.
[   31.378553] systemd[1]: Starting Monitoring of LVM2 mirrors, snapshots etc. using dmeventd or progress polling...
         Starting Monitoring of LVM2 mirrors... dmeventd or progress polling...
[   31.477725] systemd[1]: Listening on udev Control Socket.
[[0;32m  OK  [0m] Listening on udev Control Socket.
[   31.592516] systemd[1]: Listening on Journal Socket (/dev/log).
[[0;32m  OK  [0m] Listening on Journal Socket (/dev/log).
[   31.642179] systemd[1]: Starting Journal Service...
         Starting Journal Service...
[   31.650861] systemd[1]: Listening on /dev/initctl Compatibility Named Pipe.
[[0;32m  OK  [0m] Listening on /dev/initctl Compatibility Named Pipe.
[   31.742377] systemd[1]: Mounting Huge Pages File System...
         Mounting Huge Pages File System...
[   31.786232] systemd[1]: Reached target User and Group Name Lookups.
[[0;32m  OK  [0m] Reached target User and Group Name Lookups.
[   31.815188] systemd[1]: Mounted Debug File System.
[[0;32m  OK  [0m] Mounted Debug File System.
[   31.838240] systemd[1]: Mounted Huge Pages File System.
[[0;32m  OK  [0m] Mounted Huge Pages File System.
[   31.846598] systemd[1]: Mounted POSIX Message Queue File System.
[[0;32m  OK  [0m] Mounted POSIX Message Queue File System.
[   31.894644] systemd[1]: Started Journal Service.
[[0;32m  OK  [0m] Started Journal Service.
[[0;32m  OK  [0m] Started Set console keymap.
[[0;32m  OK  [0m] Started Remount Root and Kernel File Systems.
[[0;32m  OK  [0m] Started Load Kernel Modules.
[[0;32m  OK  [0m] Started Uncomplicated firewall.
[[0;32m  OK  [0m] Started Create list of required sta...ce nodes for the current kernel.
[[0;32m  OK  [0m] Started Nameserver information manager.
[[0;32m  OK  [0m] Started LVM2 metadata daemon.
         Starting Create Static Device Nodes in /dev...
         Mounting FUSE Control File System...
         Starting Apply Kernel Variables...
         Starting Load/Save Random Seed...
         Starting udev Coldplug all Devices...
         Starting Flush Journal to Persistent Storage...
[[0;32m  OK  [0m] Mounted FUSE Control File System.
[[0;32m  OK  [0m] Started Monitoring of LVM2 mirrors,...ng dmeventd or progress polling.
[[0;32m  OK  [0m] Started Create Static Device Nodes in /dev.
[[0;32m  OK  [0m] Started Apply Kernel Variables.
[[0;32m  OK  [0m] Started Load/Save Random Seed.
[[0;32m  OK  [0m] Started udev Coldplug all Devices.
         Starting udev Kernel Device Manager...
[[0;32m  OK  [0m] Started Flush Journal to Persistent Storage.
[[0;32m  OK  [0m] Started udev Kernel Device Manager.
[[0;32m  OK  [0m] Started Dispatch Password Requests to Console Directory Watch.
[[0;32m  OK  [0m] Reached target Local File Systems (Pre).
[[0;32m  OK  [0m] Reached target Local File Systems.
         Starting Set console font and keymap...
         Starting LSB: AppArmor initialization...
         Starting Tell Plymouth To Write Out Runtime Data...
         Starting Initial cloud-init job (pre-networking)...
         Starting Create Volatile Files and Directories...
[[0;32m  OK  [0m] Started Tell Plymouth To Write Out Runtime Data.
[[0;32m  OK  [0m] Started Create Volatile Files and Directories.
[[0;32m  OK  [0m] Found device /dev/ttyS0.
[[0;32m  OK  [0m] Started Set console font and keymap.
[[0;32m  OK  [0m] Listening on Load/Save RF Kill Switch Status /dev/rfkill Watch.
[[0;32m  OK  [0m] Created slice system-getty.slice.
         Starting Update UTMP about System Boot/Shutdown...
[[0;32m  OK  [0m] Started LSB: AppArmor initialization.
[[0;32m  OK  [0m] Started Update UTMP about System Boot/Shutdown.
[   25.249308] cloud-init[638]: Cloud-init v. 18.3-9-g2e62cb8a-0ubuntu1~16.04.2 running 'init-local' at Thu, 18 Oct 2018 15:12:16 +0000. Up 24.99 seconds.
[[0;32m  OK  [0m] Started Initial cloud-init job (pre-networking).
[[0;32m  OK  [0m] Reached target Network (Pre).
[[0;32m  OK  [0m] Started ifup for enp0s3.
         Starting Raise network interfaces...
[[0;32m  OK  [0m] Started ifup for enp0s8.
[[0;32m  OK  [0m] Started Raise network interfaces.
[[0;32m  OK  [0m] Reached target Network.
         Starting Initial cloud-init job (metadata service crawler)...
[   26.382046] cloud-init[1057]: Cloud-init v. 18.3-9-g2e62cb8a-0ubuntu1~16.04.2 running 'init' at Thu, 18 Oct 2018 15:12:17 +0000. Up 26.08 seconds.
[   26.548247] cloud-init[[1057]: [0;32m  OK  [0mci-info: ++++++++++++++++++++++++++++++++++++++Net device info++++++++++++++++++++++++++++++++++++++] 
Started Initial cloud-init job (metadata service crawler).
[   26.550354] cloud-init[1057]: ci-info: +--------+------+----------------------------+---------------+--------+-------------------+
[   26.721691] [cloud-init[0;32m  OK  [0m[1057]: ] ci-info: | Device |  Up  |          Address           |      Mask     | Scope  |     Hw-Address    |Reached target Network is Online.

[   26.723331] cloud-init[1057]: ci-info: +--------+------+----------------------------+---------------+--------+-------------------+
[   26.917763]          cloud-initStarting iSCSI initiator daemon (iscsid)...[1057]: 
ci-info: | enp0s3 | True |         10.0.2.15          | 255.255.255.0 | global | 02:e1:e1:d1:e4:77 |
[   27.020939] [cloud-init[0;32m  OK  [0m[1057]: ] ci-info: | enp0s3 | True | fe80::e1:e1ff:fed1:e477/64 |       .       |  link  | 02:e1:e1:d1:e4:77 |Reached target Cloud-config availability.

[   27.021760] [cloud-init[0;32m  OK  [0m[1057]: ] ci-info: | enp0s8 | True |       192.168.33.200       | 255.255.255.0 | global | 08:00:27:40:03:92 |Reached target System Initialization.

[   27.162708]          cloud-initStarting Socket activation for snappy daemon.[1057]: 
ci-info: | enp0s8 | True | fe80::a00:27ff:fe40:392/64 |       .       |  link  | 08:00:27:40:03:92 |
[   27.278044] [cloud-init[0;32m  OK  [0m[1057]: ] ci-info: |   lo   | True |         127.0.0.1          |   255.0.0.0   |  host  |         .         |Started ACPI Events Check.

[[0;32m  OK  [0m] Reached target Paths.
[[0;32m  OK  [0m] Listening on D-Bus System Message Bus Socket.
[[0;32m  OK  [0m] Started Daily Cleanup of Temporary Directories.
[[0;32m  OK  [0m] Listening on UUID daemon activation socket.
[[0;32m  OK  [0m] Listening on ACPID Listen Socket.
[   27.278937] cloud-init[1057]: ci-info: |   lo   | True |          ::1/128           |       .       |  host  |         .         |
[   27.508971]          cloud-initStarting LXD - unix socket.[1057]: 
ci-info: +--------+------+----------------------------+---------------+--------+-------------------+
[[0;32m  OK  [0m] Started Daily apt download activities.
[   27.657088] [cloud-init[0;32m  OK  [0m[1057]: ] ci-info: ++++++++++++++++++++++++++++Route IPv4 info++++++++++++++++++++++++++++Started Daily apt upgrade and clean activities.

[   27.840830] [cloud-init[0;32m  OK  [0m[1057]: ] ci-info: +-------+--------------+----------+---------------+-----------+-------+Reached target Timers.

[   27.842464] cloud-init[1057]: ci-info: | Route | Destination  | Gateway  |    Genmask    | Interface | Flags |
[   27.964876] [cloud-init[0;32m  OK  [0m[1057]: ] ci-info: +-------+--------------+----------+---------------+-----------+-------+Listening on Socket activation for snappy daemon.

[   27.966703] [cloud-init[0;32m  OK  [0m[1057]: ] ci-info: |   0   |   0.0.0.0    | 10.0.2.2 |    0.0.0.0    |   enp0s3  |   UG  |Listening on LXD - unix socket.

[[0;32m  OK  [0m] Started iSCSI initiator daemon (iscsid).
[   28.074567] cloud-init[1057]: ci-info: |   1   |   10.0.2.0   | 0.0.0.0  | 255.255.255.0 |   enp0s3  |   U   |
         Starting Login to default iSCSI targets...
[[0;32m  OK  [0m] Reached target Sockets.
[[0;32m  OK  [0m] Reached target Basic System.
[   28.263836] cloud-init[1057]: ci-info: |   2   | 192.168.33.0 | 0.0.0.0  | 255.255.255.0 |   enp0s8  |   U   |
[   28.328490]          Starting LSB: MD monitoring daemon...
cloud-init[1057]: ci-info: +-------+--------------+----------+---------------+-----------+-------+
[   28.332934] cloud-init[1057]: ci-info: +++++++++++++++++++Route IPv6 info+++++++++++++++++++
[   28.377299] [[0;32m  OK  [0m] Started Deferred execution scheduler.
cloud-init[1057]: ci-info: +-------+-------------+---------+-----------+-------+
[[0;32m  OK  [0m] Started FUSE filesystem for LXC.
[   28.393647] cloud-init[1057]: ci-info: | Route | Destination | Gateway | Interface | Flags |
[   28.493450]          cloud-initStarting LSB: Record successful boot for GRUB...[1057]: 
ci-info: +-------+-------------+---------+-----------+-------+
[   28.573547] [cloud-init[0;32m  OK  [0m[1057]: ] ci-info: |   0   |  fe80::/64  |    ::   |   enp0s3  |   U   |Started D-Bus System Message Bus.

[   28.575300] cloud-init[1057]: ci-info: |   1   |  fe80::/64  |    ::   |   enp0s8  |   U   |
         Starting System Logging Service...
[   28.675884] cloud-init[1057]: ci-info: |   4   |   ff00::/8  |    ::   |   enp0s3  |   U   |
[   28.783706] cloud-init[1057]: ci-info: |   5   |   ff00::/8  |    ::   |   enp0s8  |   U   |
[   28.784768] cloud-init[1057]: ci-info: +-------+-------------+---------+-----------+-------+
         Starting /etc/rc.local Compatibility...
         Starting Virtualbox guest utils...
         Starting Accounts Service...
[[0;32m  OK  [0m] Started ACPI event daemon.
         Starting LXD - container startup/shutdown...
[[0;32m  OK  [0m] Started Regular background program processing daemon.
[[0;32m  OK  [0m] Started Unattended Upgrades Shutdown.
         Starting OpenBSD Secure Shell server...
         Starting Login Service...
         Starting Snappy daemon...
[[0;32m  OK  [0m] Started System Logging Service.
[[0;32m  OK  [0m] Started OpenBSD Secure Shell server.
[[0;32m  OK  [0m] Started /etc/rc.local Compatibility.
[[0;32m  OK  [0m] Started LXD - container startup/shutdown.
[[0;32m  OK  [0m] Started Login to default iSCSI targets.
[[0;32m  OK  [0m] Started LSB: MD monitoring daemon.
[[0;32m  OK  [0m] Started Snappy daemon.
[[0;32m  OK  [0m] Started LSB: Record successful boot for GRUB.
         Starting Authenticate and Authorize Users to Run Privileged Tasks...
         Starting Wait until snapd is fully seeded...
[[0;32m  OK  [0m] Reached target Remote File Systems (Pre).
[[0;32m  OK  [0m] Reached target Remote File Systems.
         Starting LSB: daemon to balance interrupts for SMP systems...
         Starting Permit User Sessions...
         Starting LSB: Set the CPU Frequency Scaling governor to "ondemand"...
         Starting LSB: automatic crash report generation...
[[0;32m  OK  [0m] Started Virtualbox guest utils.
[[0;32m  OK  [0m] Started Wait until snapd is fully seeded.
[[0;32m  OK  [0m] Started Permit User Sessions.
[[0;32m  OK  [0m] Started Login Service.
[[0;32m  OK  [0m] Started Authenticate and Authorize Users to Run Privileged Tasks.
[[0;32m  OK  [0m] Started Accounts Service.
         Starting Hold until boot process finishes up...
         Starting Terminate Plymouth Boot Screen...
         Starting Apply the settings specified in cloud-config...
[[0;32m  OK  [0m] Started LSB: daemon to balance interrupts for SMP systems.
[[0;32m  OK  [0m] Started LSB: Set the CPU Frequency Scaling governor to "ondemand".
[[0;32m  OK  [0m] Started LSB: automatic crash report generation.
[[0;32m  OK  [0m] Started Hold until boot process finishes up.
[[0;32m  OK  [0m] Started Terminate Plymouth Boot Screen.
[[0;32m  OK  [0m] Started Serial Getty on ttyS0.
[[0;32m  OK  [0m] Started Getty on tty1.
[[0;32m  OK  [0m] Reached target Login Prompts.
         Starting Set console scheme...
[[0;32m  OK  [0m] Reached target Multi-User System.
[[0;32m  OK  [0m] Reached target Graphical Interface.
[   31.318537] cloud-init[1282]: Cloud-init v. 18.3-9-g2e62cb8a-0ubuntu1~16.04.2 running 'modules:config' at Thu, 18 Oct 2018 15:12:22 +0000. Up 31.21 seconds.
         Starting Update UTMP about System Runlevel Changes...
[[0;32m  OK  [0m] Started Apply the settings specified in cloud-config.
[[0;32m  OK  [0m] Started Set console scheme.
[[0;32m  OK  [0m] Started Update UTMP about System Runlevel Changes.
         Starting Execute cloud user/final scripts...
[   32.034171] cloud-init[1305]: Cloud-init v. 18.3-9-g2e62cb8a-0ubuntu1~16.04.2 running 'modules:final' at Thu, 18 Oct 2018 15:12:23 +0000. Up 31.91 seconds.
[[   32.176723] cloud-init[1305]: Cloud-init v. 18.3-9-g2e62cb8a-0ubuntu1~16.04.2 finished at Thu, 18 Oct 2018 15:12:23 +0000. Datasource DataSourceNoCloud [seed=/dev/sdb][dsmode=net].  Up 32.02 seconds
[0;32m  OK  [0m] Started Execute cloud user/final scripts.
[[0;32m  OK  [0m] Reached target Cloud-init target.

Ubuntu 16.04.5 LTS ansible-debian ttyS0

ansible-debian login: 